[debug] [2021-07-04T15:32:19.010Z] ----------------------------------------------------------------------
[debug] [2021-07-04T15:32:19.012Z] Command:       /usr/local/bin/node /usr/local/bin/firebase init
[debug] [2021-07-04T15:32:19.013Z] CLI Version:   9.14.0
[debug] [2021-07-04T15:32:19.013Z] Platform:      darwin
[debug] [2021-07-04T15:32:19.013Z] Node Version:  v12.14.0
[debug] [2021-07-04T15:32:19.014Z] Time:          Sun Jul 04 2021 22:32:19 GMT+0700 (Indochina Time)
[debug] [2021-07-04T15:32:19.014Z] ----------------------------------------------------------------------
[debug] 
[debug] [2021-07-04T15:32:19.027Z] > command requires scopes: ["email","openid","https://www.googleapis.com/auth/cloudplatformprojects.readonly","https://www.googleapis.com/auth/firebase","https://www.googleapis.com/auth/cloud-platform"]
[debug] [2021-07-04T15:32:19.027Z] > authorizing via signed-in user (chungnd10@gmail.com)
[info] 
     ######## #### ########  ######## ########     ###     ######  ########
     ##        ##  ##     ## ##       ##     ##  ##   ##  ##       ##
     ######    ##  ########  ######   ########  #########  ######  ######
     ##        ##  ##    ##  ##       ##     ## ##     ##       ## ##
     ##       #### ##     ## ######## ########  ##     ##  ######  ########

You're about to initialize a Firebase project in this directory:

  /Users/nguyenducchung/Desktop/AHT/ReactTraining/todo_app_simple

[info] 
=== Project Setup
[info] 
[info] First, let's associate this project directory with a Firebase project.
[info] You can create multiple project aliases by running firebase use --add, 
[info] but for now we'll just set up a default project.
[info] 
[debug] [2021-07-04T15:35:18.174Z] >>> [apiv2][query] GET https://firebase.googleapis.com/v1beta1/projects pageSize=100
[debug] [2021-07-04T15:35:18.801Z] <<< [apiv2][status] GET https://firebase.googleapis.com/v1beta1/projects 200
[debug] [2021-07-04T15:35:18.801Z] <<< [apiv2][body] GET https://firebase.googleapis.com/v1beta1/projects [omitted]
[info] i  Using project todo-app-fa81d (todo-app) 
[info] 
=== Hosting:github Setup
[info] 
[info] i  Detected a .git folder at /Users/nguyenducchung/Desktop/AHT/ReactTraining/todo_app_simple 
[info] i  Authorizing with GitHub to upload your service account to a GitHub repository's secrets store. 
[info] 
[info] Visit this URL on this device to log in:
[info] https://github.com/login/oauth/authorize?client_id=89cf50f02ac6aaed3484&state=946071673&redirect_uri=http%3A%2F%2Flocalhost%3A9005&scope=read%3Auser%20repo%20public_repo
[info] 
[info] Waiting for authentication...
